================================================================================
A่ก่ก็ฅจๅ่กจ่ทๅ่ๆฌ
================================================================================
ๆง่กๆถ้ด: 2026-02-11 14:30:25
ๆฅๅฟๆไปถ: logs/stock_list_20260211.log
ๆงๅ่กจ่ก็ฅจๆฐ: 5483
ๆฐๅ่กจ่ก็ฅจๆฐ: 5486
ๆฐๅข่ก็ฅจๆฐ: 3
ๅ้ค่ก็ฅจๆฐ: 1

================================================================================
๐ ๆฐๅข่ก็ฅจๅ่กจ๏ผๅฑ 3 ๅช๏ผ
================================================================================

  688123 ไฝณๅ็งๆ      [็งๅๆฟ]
  920166 Nๆตทๅฃ          [ๅถไป]
  920188 Nๆ็ฟ          [ๅถไป]

================================================================================
๐๏ธ  ๅ้ค/้ๅธ่ก็ฅจๅ่กจ๏ผๅฑ 1 ๅช๏ผ
================================================================================

  600123 ๅฐ่ฑ็งๅ

================================================================================
ไฟๅญ่ก็ฅจๅ่กจ
================================================================================

โ ๆฐๆฎๅทฒไฟๅญๅฐ: data/CN/stock_list.csv
   ๆไปถๅคงๅฐ: 156.89 KB

================================================================================
ๆง่กๅฎๆ
================================================================================

================================================================================
A่ก่ก็ฅจๅ่กจ่ทๅ่ๆฌ
================================================================================
ๆง่กๆถ้ด: 2026-02-11 09:20:45
ๆฅๅฟๆไปถ: logs/stock_list_20260211_092045.log

ๆฃๆฅๆง่ก็ฅจๅ่กจ...
โ ๆพๅฐๆง่ก็ฅจๅ่กจ๏ผๅฑ 5486 ๅช่ก็ฅจ

ๆญฃๅจไป AkShare ่ทๅๆๆฐ่ก็ฅจๅ่กจ...
โ ่ทๅๅคฑ่ดฅ: HTTPSConnectionPool(host='quote.eastmoney.com', port=443): Max retries exceeded with url: /api/v1/get/stock/list (Caused by ProxyError('Cannot connect to proxy.', RemoteDisconnected('Remote end closed connection without response')))

================================================================================
ๆง่กๅฎๆ
================================================================================