================================================================================
A่ก่ก็ฅจๅ่กจ่ทๅ่ๆฌ
================================================================================
ๆง่กๆถ้ด: 2026-02-12 18:42:42
ๆฅๅฟๆไปถ: logs/stock_list_20260212.log
ๆงๅ่กจ่ก็ฅจๆฐ: 5483
ๆฐๅ่กจ่ก็ฅจๆฐ: 5484
ๆฐๅข่ก็ฅจๆฐ: 1
ๅ้ค่ก็ฅจๆฐ: 0

================================================================================
๐ ๆฐๅข่ก็ฅจๅ่กจ๏ผๅฑ 1 ๅช๏ผ
================================================================================

  000532 ๅ้่ตๆฌ         [ๆทฑๅณไธปๆฟ]

================================================================================
ไฟๅญ่ก็ฅจๅ่กจ
================================================================================

โ ๆฐๆฎๅทฒไฟๅญๅฐ: data/CN/stock_list.csv
   ๆไปถๅคงๅฐ: 104.48 KB

================================================================================
ๆง่กๅฎๆ
================================================================================

================================================================================
A่ก่ก็ฅจๅ่กจ่ทๅ่ๆฌ
================================================================================
ๆง่กๆถ้ด: 2026-02-12 18:42:57
ๆฅๅฟๆไปถ: logs/stock_list_20260212.log
ๆงๅ่กจ่ก็ฅจๆฐ: 5484
ๆฐๅ่กจ่ก็ฅจๆฐ: 5484
ๆฐๅข่ก็ฅจๆฐ: 0
ๅ้ค่ก็ฅจๆฐ: 0

================================================================================
ไฟๅญ่ก็ฅจๅ่กจ
================================================================================

โ ๆฐๆฎๅทฒไฟๅญๅฐ: data/CN/stock_list.csv
   ๆไปถๅคงๅฐ: 104.48 KB

================================================================================
ๆง่กๅฎๆ
================================================================================

